<?xml version="1.0" encoding="UTF-8"?>
<testsuite xmlns:xsi="http://www.w3.org/2001/XMLSchema-instance" xsi:noNamespaceSchemaLocation="https://maven.apache.org/surefire/maven-surefire-plugin/xsd/surefire-test-report.xsd" name="cn.benzfungus.forum.dao.TopicDaoTest" time="0.32" tests="5" errors="0" skipped="0" failures="0">
  <properties>
[...]
</properties>
  <testcase name="testGetById" classname="cn.benzfungus.forum.dao.TopicDaoTest" time="0.016"/>
  <testcase name="testDelete" classname="cn.benzfungus.forum.dao.TopicDaoTest" time="0.024"/>
  <testcase name="testGetAll" classname="cn.benzfungus.forum.dao.TopicDaoTest" time="0.208"/>
  <testcase name="testInsert" classname="cn.benzfungus.forum.dao.TopicDaoTest" time="0.024"/>
  <testcase name="testUpdate" classname="cn.benzfungus.forum.dao.TopicDaoTest" time="0.016"/>
</testsuite>